[2022-05-27 03:55:44] development.ERROR: Argument 1 passed to Spatie\Feed\FeedItem::author() must be of the type string, null given, called in /home/brandsta/selfieym.com/app/Models/Post.php on line 218 {"exception":"[object] (TypeError(code: 0): Argument 1 passed to Spatie\\Feed\\FeedItem::author() must be of the type string, null given, called in /home/brandsta/selfieym.com/app/Models/Post.php on line 218 at /home/brandsta/selfieym.com/vendor/spatie/laravel-feed/src/FeedItem.php:109)
[stacktrace]
#0 /home/brandsta/selfieym.com/app/Models/Post.php(218): Spatie\\Feed\\FeedItem->author(NULL)
#1 /home/brandsta/selfieym.com/vendor/spatie/laravel-feed/src/Feed.php(86): App\\Models\\Post->toFeedItem()
#2 /home/brandsta/selfieym.com/vendor/spatie/laravel-feed/src/Feed.php(45): Spatie\\Feed\\Feed->castToFeedItem(Object(App\\Models\\Post))
#3 [internal function]: Spatie\\Feed\\Feed->Spatie\\Feed\\{closure}(Object(App\\Models\\Post), 2)
#4 /home/brandsta/selfieym.com/vendor/laravel/framework/src/Illuminate/Support/Collection.php(638): array_map(Object(Closure), Array, Array)
#5 /home/brandsta/selfieym.com/vendor/laravel/framework/src/Illuminate/Database/Eloquent/Collection.php(277): Illuminate\\Support\\Collection->map(Object(Closure))
#6 /home/brandsta/selfieym.com/vendor/spatie/laravel-feed/src/Feed.php(46): Illuminate\\Database\\Eloquent\\Collection->map(Object(Closure))
#7 /home/brandsta/selfieym.com/packages/spatie/laravel-feed/src/Http/FeedController.php(42): Spatie\\Feed\\Feed->__construct('Selfieym - Indi...', Object(Illuminate\\Database\\Eloquent\\Collection), 'https://www.sel...', 'feed::atom', 'Selfieym - Indi...', 'en')
#8 [internal function]: Larapen\\Feed\\Http\\FeedController->__invoke()
#9 /home/brandsta/selfieym.com/vendor/laravel/framework/src/Illuminate/Routing/Controller.php(54): call_user_func_array(Array, Array)
#10 /home/brandsta/selfieym.com/vendor/laravel/framework/src/Illuminate/Routing/ControllerDispatcher.php(45): Illuminate\\Routing\\Controller->callAction('__invoke', Array)
#11 /home/brandsta/selfieym.com/vendor/laravel/framework/src/Illuminate/Routing/Route.php(239): Illuminate\\Routing\\ControllerDispatcher->dispatch(Object(Illuminate\\Routing\\Route), Object(Larapen\\Feed\\Http\\FeedController), '__invoke')
#12 /home/brandsta/selfieym.com/vendor/laravel/framework/src/Illuminate/Routing/Route.php(196): Illuminate\\Routing\\Route->runController()
#13 /home/brandsta/selfieym.com/vendor/laravel/framework/src/Illuminate/Routing/Router.php(685): Illuminate\\Routing\\Route->run()
#14 /home/brandsta/selfieym.com/vendor/laravel/framework/src/Illuminate/Pipeline/Pipeline.php(128): Illuminate\\Routing\\Router->Illuminate\\Routing\\{closure}(Object(Illuminate\\Http\\Request))
#15 /home/brandsta/selfieym.com/app/Http/Controllers/FrontController.php(52): Illuminate\\Pipeline\\Pipeline->Illuminate\\Pipeline\\{closure}(Object(Illuminate\\Http\\Request))
#16 /home/brandsta/selfieym.com/vendor/laravel/framework/src/Illuminate/Pipeline/Pipeline.php(149): App\\Http\\Controllers\\FrontController->App\\Http\\Controllers\\{closure}(Object(Illuminate\\Http\\Request), Object(Closure))
#17 /home/brandsta/selfieym.com/app/Http/Middleware/InstallationChecker.php(64): Illuminate\\Pipeline\\Pipeline->Illuminate\\Pipeline\\{closure}(Object(Illuminate\\Http\\Request))
#18 /home/brandsta/selfieym.com/vendor/laravel/framework/src/Illuminate/Pipeline/Pipeline.php(167): App\\Http\\Middleware\\InstallationChecker->handle(Object(Illuminate\\Http\\Request), Object(Closure))
#19 /home/brandsta/selfieym.com/app/Http/Middleware/HtmlMinify.php(31): Illuminate\\Pipeline\\Pipeline->Illuminate\\Pipeline\\{closure}(Object(Illuminate\\Http\\Request))
#20 /home/brandsta/selfieym.com/vendor/laravel/framework/src/Illuminate/Pipeline/Pipeline.php(167): App\\Http\\Middleware\\HtmlMinify->handle(Object(Illuminate\\Http\\Request), Object(Closure))
#21 /home/brandsta/selfieym.com/app/Http/Middleware/HttpsProtocol.php(40): Illuminate\\Pipeline\\Pipeline->Illuminate\\Pipeline\\{closure}(Object(Illuminate\\Http\\Request))
#22 /home/brandsta/selfieym.com/vendor/laravel/framework/src/Illuminate/Pipeline/Pipeline.php(167): App\\Http\\Middleware\\HttpsProtocol->handle(Object(Illuminate\\Http\\Request), Object(Closure))
#23 /home/brandsta/selfieym.com/app/Http/Middleware/BannedUser.php(46): Illuminate\\Pipeline\\Pipeline->Illuminate\\Pipeline\\{closure}(Object(Illuminate\\Http\\Request))
#24 /home/brandsta/selfieym.com/vendor/laravel/framework/src/Illuminate/Pipeline/Pipeline.php(167): App\\Http\\Middleware\\BannedUser->handle(Object(Illuminate\\Http\\Request), Object(Closure))
#25 /home/brandsta/selfieym.com/app/Http/Middleware/CheckCountryLanguage.php(35): Illuminate\\Pipeline\\Pipeline->Illuminate\\Pipeline\\{closure}(Object(Illuminate\\Http\\Request))
#26 /home/brandsta/selfieym.com/vendor/laravel/framework/src/Illuminate/Pipeline/Pipeline.php(167): App\\Http\\Middleware\\CheckCountryLanguage->handle(Object(Illuminate\\Http\\Request), Object(Closure))
#27 /home/brandsta/selfieym.com/app/Http/Middleware/CheckBrowserLanguage.php(148): Illuminate\\Pipeline\\Pipeline->Illuminate\\Pipeline\\{closure}(Object(Illuminate\\Http\\Request))
#28 /home/brandsta/selfieym.com/vendor/laravel/framework/src/Illuminate/Pipeline/Pipeline.php(167): App\\Http\\Middleware\\CheckBrowserLanguage->handle(Object(Illuminate\\Http\\Request), Object(Closure))
#29 /home/brandsta/selfieym.com/app/Http/Middleware/XSSProtection.php(69): Illuminate\\Pipeline\\Pipeline->Illuminate\\Pipeline\\{closure}(Object(Illuminate\\Http\\Request))
#30 /home/brandsta/selfieym.com/vendor/laravel/framework/src/Illuminate/Pipeline/Pipeline.php(167): App\\Http\\Middleware\\XSSProtection->handle(Object(Illuminate\\Http\\Request), Object(Closure))
#31 /home/brandsta/selfieym.com/vendor/laravel/framework/src/Illuminate/Routing/Middleware/SubstituteBindings.php(41): Illuminate\\Pipeline\\Pipeline->Illuminate\\Pipeline\\{closure}(Object(Illuminate\\Http\\Request))
#32 /home/brandsta/selfieym.com/vendor/laravel/framework/src/Illuminate/Pipeline/Pipeline.php(167): Illuminate\\Routing\\Middleware\\SubstituteBindings->handle(Object(Illuminate\\Http\\Request), Object(Closure))
#33 /home/brandsta/selfieym.com/vendor/laravel/framework/src/Illuminate/View/Middleware/ShareErrorsFromSession.php(49): Illuminate\\Pipeline\\Pipeline->Illuminate\\Pipeline\\{closure}(Object(Illuminate\\Http\\Request))
#34 /home/brandsta/selfieym.com/vendor/laravel/framework/src/Illuminate/Pipeline/Pipeline.php(167): Illuminate\\View\\Middleware\\ShareErrorsFromSession->handle(Object(Illuminate\\Http\\Request), Object(Closure))
#35 /home/brandsta/selfieym.com/vendor/laravel/framework/src/Illuminate/Session/Middleware/StartSession.php(116): Illuminate\\Pipeline\\Pipeline->Illuminate\\Pipeline\\{closure}(Object(Illuminate\\Http\\Request))
#36 /home/brandsta/selfieym.com/vendor/laravel/framework/src/Illuminate/Session/Middleware/StartSession.php(62): Illuminate\\Session\\Middleware\\StartSession->handleStatefulRequest(Object(Illuminate\\Http\\Request), Object(Illuminate\\Session\\Store), Object(Closure))
#37 /home/brandsta/selfieym.com/vendor/laravel/framework/src/Illuminate/Pipeline/Pipeline.php(167): Illuminate\\Session\\Middleware\\StartSession->handle(Object(Illuminate\\Http\\Request), Object(Closure))
#38 /home/brandsta/selfieym.com/vendor/laravel/framework/src/Illuminate/Cookie/Middleware/AddQueuedCookiesToResponse.php(37): Illuminate\\Pipeline\\Pipeline->Illuminate\\Pipeline\\{closure}(Object(Illuminate\\Http\\Request))
#39 /home/brandsta/selfieym.com/vendor/laravel/framework/src/Illuminate/Pipeline/Pipeline.php(167): Illuminate\\Cookie\\Middleware\\AddQueuedCookiesToResponse->handle(Object(Illuminate\\Http\\Request), Object(Closure))
#40 /home/brandsta/selfieym.com/vendor/laravel/framework/src/Illuminate/Cookie/Middleware/EncryptCookies.php(66): Illuminate\\Pipeline\\Pipeline->Illuminate\\Pipeline\\{closure}(Object(Illuminate\\Http\\Request))
#41 /home/brandsta/selfieym.com/vendor/laravel/framework/src/Illuminate/Pipeline/Pipeline.php(167): Illuminate\\Cookie\\Middleware\\EncryptCookies->handle(Object(Illuminate\\Http\\Request), Object(Closure))
#42 /home/brandsta/selfieym.com/packages/mcamara/laravel-localization/src/Larapen/LaravelLocalization/Middleware/LaravelLocalizationViewPath.php(33): Illuminate\\Pipeline\\Pipeline->Illuminate\\Pipeline\\{closure}(Object(Illuminate\\Http\\Request))
#43 /home/brandsta/selfieym.com/vendor/laravel/framework/src/Illuminate/Pipeline/Pipeline.php(167): Larapen\\LaravelLocalization\\Middleware\\LaravelLocalizationViewPath->handle(Object(Illuminate\\Http\\Request), Object(Closure))
#44 /home/brandsta/selfieym.com/packages/mcamara/laravel-localization/src/Larapen/LaravelLocalization/Middleware/LocaleSessionRedirect.php(61): Illuminate\\Pipeline\\Pipeline->Illuminate\\Pipeline\\{closure}(Object(Illuminate\\Http\\Request))
#45 /home/brandsta/selfieym.com/vendor/laravel/framework/src/Illuminate/Pipeline/Pipeline.php(167): Larapen\\LaravelLocalization\\Middleware\\LocaleSessionRedirect->handle(Object(Illuminate\\Http\\Request), Object(Closure))
#46 /home/brandsta/selfieym.com/packages/mcamara/laravel-localization/src/Larapen/LaravelLocalization/Middleware/LaravelLocalizationRedirectFilter.php(63): Illuminate\\Pipeline\\Pipeline->Illuminate\\Pipeline\\{closure}(Object(Illuminate\\Http\\Request))
#47 /home/brandsta/selfieym.com/vendor/laravel/framework/src/Illuminate/Pipeline/Pipeline.php(167): Larapen\\LaravelLocalization\\Middleware\\LaravelLocalizationRedirectFilter->handle(Object(Illuminate\\Http\\Request), Object(Closure))
#48 /home/brandsta/selfieym.com/packages/mcamara/laravel-localization/src/Larapen/LaravelLocalization/Middleware/LaravelLocalizationRoutes.php(30): Illuminate\\Pipeline\\Pipeline->Illuminate\\Pipeline\\{closure}(Object(Illuminate\\Http\\Request))
#49 /home/brandsta/selfieym.com/vendor/laravel/framework/src/Illuminate/Pipeline/Pipeline.php(167): Larapen\\LaravelLocalization\\Middleware\\LaravelLocalizationRoutes->handle(Object(Illuminate\\Http\\Request), Object(Closure))
#50 /home/brandsta/selfieym.com/vendor/laravel/framework/src/Illuminate/Pipeline/Pipeline.php(103): Illuminate\\Pipeline\\Pipeline->Illuminate\\Pipeline\\{closure}(Object(Illuminate\\Http\\Request))
#51 /home/brandsta/selfieym.com/vendor/laravel/framework/src/Illuminate/Routing/Router.php(687): Illuminate\\Pipeline\\Pipeline->then(Object(Closure))
#52 /home/brandsta/selfieym.com/vendor/laravel/framework/src/Illuminate/Routing/Router.php(662): Illuminate\\Routing\\Router->runRouteWithinStack(Object(Illuminate\\Routing\\Route), Object(Illuminate\\Http\\Request))
#53 /home/brandsta/selfieym.com/vendor/laravel/framework/src/Illuminate/Routing/Router.php(628): Illuminate\\Routing\\Router->runRoute(Object(Illuminate\\Http\\Request), Object(Illuminate\\Routing\\Route))
#54 /home/brandsta/selfieym.com/vendor/laravel/framework/src/Illuminate/Routing/Router.php(617): Illuminate\\Routing\\Router->dispatchToRoute(Object(Illuminate\\Http\\Request))
#55 /home/brandsta/selfieym.com/vendor/laravel/framework/src/Illuminate/Foundation/Http/Kernel.php(165): Illuminate\\Routing\\Router->dispatch(Object(Illuminate\\Http\\Request))
#56 /home/brandsta/selfieym.com/vendor/laravel/framework/src/Illuminate/Pipeline/Pipeline.php(128): Illuminate\\Foundation\\Http\\Kernel->Illuminate\\Foundation\\Http\\{closure}(Object(Illuminate\\Http\\Request))
#57 /home/brandsta/selfieym.com/vendor/fideloper/proxy/src/TrustProxies.php(57): Illuminate\\Pipeline\\Pipeline->Illuminate\\Pipeline\\{closure}(Object(Illuminate\\Http\\Request))
#58 /home/brandsta/selfieym.com/vendor/laravel/framework/src/Illuminate/Pipeline/Pipeline.php(167): Fideloper\\Proxy\\TrustProxies->handle(Object(Illuminate\\Http\\Request), Object(Closure))
#59 /home/brandsta/selfieym.com/vendor/laravel/framework/src/Illuminate/Foundation/Http/Middleware/TransformsRequest.php(21): Illuminate\\Pipeline\\Pipeline->Illuminate\\Pipeline\\{closure}(Object(Illuminate\\Http\\Request))
#60 /home/brandsta/selfieym.com/vendor/laravel/framework/src/Illuminate/Pipeline/Pipeline.php(167): Illuminate\\Foundation\\Http\\Middleware\\TransformsRequest->handle(Object(Illuminate\\Http\\Request), Object(Closure))
#61 /home/brandsta/selfieym.com/vendor/laravel/framework/src/Illuminate/Foundation/Http/Middleware/TransformsRequest.php(21): Illuminate\\Pipeline\\Pipeline->Illuminate\\Pipeline\\{closure}(Object(Illuminate\\Http\\Request))
#62 /home/brandsta/selfieym.com/vendor/laravel/framework/src/Illuminate/Pipeline/Pipeline.php(167): Illuminate\\Foundation\\Http\\Middleware\\TransformsRequest->handle(Object(Illuminate\\Http\\Request), Object(Closure))
#63 /home/brandsta/selfieym.com/vendor/laravel/framework/src/Illuminate/Foundation/Http/Middleware/ValidatePostSize.php(27): Illuminate\\Pipeline\\Pipeline->Illuminate\\Pipeline\\{closure}(Object(Illuminate\\Http\\Request))
#64 /home/brandsta/selfieym.com/vendor/laravel/framework/src/Illuminate/Pipeline/Pipeline.php(167): Illuminate\\Foundation\\Http\\Middleware\\ValidatePostSize->handle(Object(Illuminate\\Http\\Request), Object(Closure))
#65 /home/brandsta/selfieym.com/app/Http/Middleware/CheckForMaintenanceMode.php(69): Illuminate\\Pipeline\\Pipeline->Illuminate\\Pipeline\\{closure}(Object(Illuminate\\Http\\Request))
#66 /home/brandsta/selfieym.com/vendor/laravel/framework/src/Illuminate/Pipeline/Pipeline.php(167): App\\Http\\Middleware\\CheckForMaintenanceMode->handle(Object(Illuminate\\Http\\Request), Object(Closure))
#67 /home/brandsta/selfieym.com/vendor/laravel/framework/src/Illuminate/Pipeline/Pipeline.php(103): Illuminate\\Pipeline\\Pipeline->Illuminate\\Pipeline\\{closure}(Object(Illuminate\\Http\\Request))
#68 /home/brandsta/selfieym.com/vendor/laravel/framework/src/Illuminate/Foundation/Http/Kernel.php(140): Illuminate\\Pipeline\\Pipeline->then(Object(Closure))
#69 /home/brandsta/selfieym.com/vendor/laravel/framework/src/Illuminate/Foundation/Http/Kernel.php(109): Illuminate\\Foundation\\Http\\Kernel->sendRequestThroughRouter(Object(Illuminate\\Http\\Request))
#70 /home/brandsta/selfieym.com/public/main.php(59): Illuminate\\Foundation\\Http\\Kernel->handle(Object(Illuminate\\Http\\Request))
#71 /home/brandsta/selfieym.com/public/index.php(55): require('/home/brandsta/...')
#72 {main}
"} 
[2022-05-27 03:55:44] development.ERROR: Argument 1 passed to Spatie\Feed\FeedItem::author() must be of the type string, null given, called in /home/brandsta/selfieym.com/app/Models/Post.php on line 218 {"exception":"[object] (TypeError(code: 0): Argument 1 passed to Spatie\\Feed\\FeedItem::author() must be of the type string, null given, called in /home/brandsta/selfieym.com/app/Models/Post.php on line 218 at /home/brandsta/selfieym.com/vendor/spatie/laravel-feed/src/FeedItem.php:109)
[stacktrace]
#0 /home/brandsta/selfieym.com/app/Models/Post.php(218): Spatie\\Feed\\FeedItem->author(NULL)
#1 /home/brandsta/selfieym.com/vendor/spatie/laravel-feed/src/Feed.php(86): App\\Models\\Post->toFeedItem()
#2 /home/brandsta/selfieym.com/vendor/spatie/laravel-feed/src/Feed.php(45): Spatie\\Feed\\Feed->castToFeedItem(Object(App\\Models\\Post))
#3 [internal function]: Spatie\\Feed\\Feed->Spatie\\Feed\\{closure}(Object(App\\Models\\Post), 2)
#4 /home/brandsta/selfieym.com/vendor/laravel/framework/src/Illuminate/Support/Collection.php(638): array_map(Object(Closure), Array, Array)
#5 /home/brandsta/selfieym.com/vendor/laravel/framework/src/Illuminate/Database/Eloquent/Collection.php(277): Illuminate\\Support\\Collection->map(Object(Closure))
#6 /home/brandsta/selfieym.com/vendor/spatie/laravel-feed/src/Feed.php(46): Illuminate\\Database\\Eloquent\\Collection->map(Object(Closure))
#7 /home/brandsta/selfieym.com/packages/spatie/laravel-feed/src/Http/FeedController.php(42): Spatie\\Feed\\Feed->__construct('Selfieym - Indi...', Object(Illuminate\\Database\\Eloquent\\Collection), 'https://selfiey...', 'feed::atom', 'Selfieym - Indi...', 'en')
#8 [internal function]: Larapen\\Feed\\Http\\FeedController->__invoke()
#9 /home/brandsta/selfieym.com/vendor/laravel/framework/src/Illuminate/Routing/Controller.php(54): call_user_func_array(Array, Array)
#10 /home/brandsta/selfieym.com/vendor/laravel/framework/src/Illuminate/Routing/ControllerDispatcher.php(45): Illuminate\\Routing\\Controller->callAction('__invoke', Array)
#11 /home/brandsta/selfieym.com/vendor/laravel/framework/src/Illuminate/Routing/Route.php(239): Illuminate\\Routing\\ControllerDispatcher->dispatch(Object(Illuminate\\Routing\\Route), Object(Larapen\\Feed\\Http\\FeedController), '__invoke')
#12 /home/brandsta/selfieym.com/vendor/laravel/framework/src/Illuminate/Routing/Route.php(196): Illuminate\\Routing\\Route->runController()
#13 /home/brandsta/selfieym.com/vendor/laravel/framework/src/Illuminate/Routing/Router.php(685): Illuminate\\Routing\\Route->run()
#14 /home/brandsta/selfieym.com/vendor/laravel/framework/src/Illuminate/Pipeline/Pipeline.php(128): Illuminate\\Routing\\Router->Illuminate\\Routing\\{closure}(Object(Illuminate\\Http\\Request))
#15 /home/brandsta/selfieym.com/app/Http/Controllers/FrontController.php(52): Illuminate\\Pipeline\\Pipeline->Illuminate\\Pipeline\\{closure}(Object(Illuminate\\Http\\Request))
#16 /home/brandsta/selfieym.com/vendor/laravel/framework/src/Illuminate/Pipeline/Pipeline.php(149): App\\Http\\Controllers\\FrontController->App\\Http\\Controllers\\{closure}(Object(Illuminate\\Http\\Request), Object(Closure))
#17 /home/brandsta/selfieym.com/app/Http/Middleware/InstallationChecker.php(64): Illuminate\\Pipeline\\Pipeline->Illuminate\\Pipeline\\{closure}(Object(Illuminate\\Http\\Request))
#18 /home/brandsta/selfieym.com/vendor/laravel/framework/src/Illuminate/Pipeline/Pipeline.php(167): App\\Http\\Middleware\\InstallationChecker->handle(Object(Illuminate\\Http\\Request), Object(Closure))
#19 /home/brandsta/selfieym.com/app/Http/Middleware/HtmlMinify.php(31): Illuminate\\Pipeline\\Pipeline->Illuminate\\Pipeline\\{closure}(Object(Illuminate\\Http\\Request))
#20 /home/brandsta/selfieym.com/vendor/laravel/framework/src/Illuminate/Pipeline/Pipeline.php(167): App\\Http\\Middleware\\HtmlMinify->handle(Object(Illuminate\\Http\\Request), Object(Closure))
#21 /home/brandsta/selfieym.com/app/Http/Middleware/HttpsProtocol.php(40): Illuminate\\Pipeline\\Pipeline->Illuminate\\Pipeline\\{closure}(Object(Illuminate\\Http\\Request))
#22 /home/brandsta/selfieym.com/vendor/laravel/framework/src/Illuminate/Pipeline/Pipeline.php(167): App\\Http\\Middleware\\HttpsProtocol->handle(Object(Illuminate\\Http\\Request), Object(Closure))
#23 /home/brandsta/selfieym.com/app/Http/Middleware/BannedUser.php(46): Illuminate\\Pipeline\\Pipeline->Illuminate\\Pipeline\\{closure}(Object(Illuminate\\Http\\Request))
#24 /home/brandsta/selfieym.com/vendor/laravel/framework/src/Illuminate/Pipeline/Pipeline.php(167): App\\Http\\Middleware\\BannedUser->handle(Object(Illuminate\\Http\\Request), Object(Closure))
#25 /home/brandsta/selfieym.com/app/Http/Middleware/CheckCountryLanguage.php(35): Illuminate\\Pipeline\\Pipeline->Illuminate\\Pipeline\\{closure}(Object(Illuminate\\Http\\Request))
#26 /home/brandsta/selfieym.com/vendor/laravel/framework/src/Illuminate/Pipeline/Pipeline.php(167): App\\Http\\Middleware\\CheckCountryLanguage->handle(Object(Illuminate\\Http\\Request), Object(Closure))
#27 /home/brandsta/selfieym.com/app/Http/Middleware/CheckBrowserLanguage.php(148): Illuminate\\Pipeline\\Pipeline->Illuminate\\Pipeline\\{closure}(Object(Illuminate\\Http\\Request))
#28 /home/brandsta/selfieym.com/vendor/laravel/framework/src/Illuminate/Pipeline/Pipeline.php(167): App\\Http\\Middleware\\CheckBrowserLanguage->handle(Object(Illuminate\\Http\\Request), Object(Closure))
#29 /home/brandsta/selfieym.com/app/Http/Middleware/XSSProtection.php(69): Illuminate\\Pipeline\\Pipeline->Illuminate\\Pipeline\\{closure}(Object(Illuminate\\Http\\Request))
#30 /home/brandsta/selfieym.com/vendor/laravel/framework/src/Illuminate/Pipeline/Pipeline.php(167): App\\Http\\Middleware\\XSSProtection->handle(Object(Illuminate\\Http\\Request), Object(Closure))
#31 /home/brandsta/selfieym.com/vendor/laravel/framework/src/Illuminate/Routing/Middleware/SubstituteBindings.php(41): Illuminate\\Pipeline\\Pipeline->Illuminate\\Pipeline\\{closure}(Object(Illuminate\\Http\\Request))
#32 /home/brandsta/selfieym.com/vendor/laravel/framework/src/Illuminate/Pipeline/Pipeline.php(167): Illuminate\\Routing\\Middleware\\SubstituteBindings->handle(Object(Illuminate\\Http\\Request), Object(Closure))
#33 /home/brandsta/selfieym.com/vendor/laravel/framework/src/Illuminate/View/Middleware/ShareErrorsFromSession.php(49): Illuminate\\Pipeline\\Pipeline->Illuminate\\Pipeline\\{closure}(Object(Illuminate\\Http\\Request))
#34 /home/brandsta/selfieym.com/vendor/laravel/framework/src/Illuminate/Pipeline/Pipeline.php(167): Illuminate\\View\\Middleware\\ShareErrorsFromSession->handle(Object(Illuminate\\Http\\Request), Object(Closure))
#35 /home/brandsta/selfieym.com/vendor/laravel/framework/src/Illuminate/Session/Middleware/StartSession.php(116): Illuminate\\Pipeline\\Pipeline->Illuminate\\Pipeline\\{closure}(Object(Illuminate\\Http\\Request))
#36 /home/brandsta/selfieym.com/vendor/laravel/framework/src/Illuminate/Session/Middleware/StartSession.php(62): Illuminate\\Session\\Middleware\\StartSession->handleStatefulRequest(Object(Illuminate\\Http\\Request), Object(Illuminate\\Session\\Store), Object(Closure))
#37 /home/brandsta/selfieym.com/vendor/laravel/framework/src/Illuminate/Pipeline/Pipeline.php(167): Illuminate\\Session\\Middleware\\StartSession->handle(Object(Illuminate\\Http\\Request), Object(Closure))
#38 /home/brandsta/selfieym.com/vendor/laravel/framework/src/Illuminate/Cookie/Middleware/AddQueuedCookiesToResponse.php(37): Illuminate\\Pipeline\\Pipeline->Illuminate\\Pipeline\\{closure}(Object(Illuminate\\Http\\Request))
#39 /home/brandsta/selfieym.com/vendor/laravel/framework/src/Illuminate/Pipeline/Pipeline.php(167): Illuminate\\Cookie\\Middleware\\AddQueuedCookiesToResponse->handle(Object(Illuminate\\Http\\Request), Object(Closure))
#40 /home/brandsta/selfieym.com/vendor/laravel/framework/src/Illuminate/Cookie/Middleware/EncryptCookies.php(66): Illuminate\\Pipeline\\Pipeline->Illuminate\\Pipeline\\{closure}(Object(Illuminate\\Http\\Request))
#41 /home/brandsta/selfieym.com/vendor/laravel/framework/src/Illuminate/Pipeline/Pipeline.php(167): Illuminate\\Cookie\\Middleware\\EncryptCookies->handle(Object(Illuminate\\Http\\Request), Object(Closure))
#42 /home/brandsta/selfieym.com/packages/mcamara/laravel-localization/src/Larapen/LaravelLocalization/Middleware/LaravelLocalizationViewPath.php(33): Illuminate\\Pipeline\\Pipeline->Illuminate\\Pipeline\\{closure}(Object(Illuminate\\Http\\Request))
#43 /home/brandsta/selfieym.com/vendor/laravel/framework/src/Illuminate/Pipeline/Pipeline.php(167): Larapen\\LaravelLocalization\\Middleware\\LaravelLocalizationViewPath->handle(Object(Illuminate\\Http\\Request), Object(Closure))
#44 /home/brandsta/selfieym.com/packages/mcamara/laravel-localization/src/Larapen/LaravelLocalization/Middleware/LocaleSessionRedirect.php(61): Illuminate\\Pipeline\\Pipeline->Illuminate\\Pipeline\\{closure}(Object(Illuminate\\Http\\Request))
#45 /home/brandsta/selfieym.com/vendor/laravel/framework/src/Illuminate/Pipeline/Pipeline.php(167): Larapen\\LaravelLocalization\\Middleware\\LocaleSessionRedirect->handle(Object(Illuminate\\Http\\Request), Object(Closure))
#46 /home/brandsta/selfieym.com/packages/mcamara/laravel-localization/src/Larapen/LaravelLocalization/Middleware/LaravelLocalizationRedirectFilter.php(63): Illuminate\\Pipeline\\Pipeline->Illuminate\\Pipeline\\{closure}(Object(Illuminate\\Http\\Request))
#47 /home/brandsta/selfieym.com/vendor/laravel/framework/src/Illuminate/Pipeline/Pipeline.php(167): Larapen\\LaravelLocalization\\Middleware\\LaravelLocalizationRedirectFilter->handle(Object(Illuminate\\Http\\Request), Object(Closure))
#48 /home/brandsta/selfieym.com/packages/mcamara/laravel-localization/src/Larapen/LaravelLocalization/Middleware/LaravelLocalizationRoutes.php(30): Illuminate\\Pipeline\\Pipeline->Illuminate\\Pipeline\\{closure}(Object(Illuminate\\Http\\Request))
#49 /home/brandsta/selfieym.com/vendor/laravel/framework/src/Illuminate/Pipeline/Pipeline.php(167): Larapen\\LaravelLocalization\\Middleware\\LaravelLocalizationRoutes->handle(Object(Illuminate\\Http\\Request), Object(Closure))
#50 /home/brandsta/selfieym.com/vendor/laravel/framework/src/Illuminate/Pipeline/Pipeline.php(103): Illuminate\\Pipeline\\Pipeline->Illuminate\\Pipeline\\{closure}(Object(Illuminate\\Http\\Request))
#51 /home/brandsta/selfieym.com/vendor/laravel/framework/src/Illuminate/Routing/Router.php(687): Illuminate\\Pipeline\\Pipeline->then(Object(Closure))
#52 /home/brandsta/selfieym.com/vendor/laravel/framework/src/Illuminate/Routing/Router.php(662): Illuminate\\Routing\\Router->runRouteWithinStack(Object(Illuminate\\Routing\\Route), Object(Illuminate\\Http\\Request))
#53 /home/brandsta/selfieym.com/vendor/laravel/framework/src/Illuminate/Routing/Router.php(628): Illuminate\\Routing\\Router->runRoute(Object(Illuminate\\Http\\Request), Object(Illuminate\\Routing\\Route))
#54 /home/brandsta/selfieym.com/vendor/laravel/framework/src/Illuminate/Routing/Router.php(617): Illuminate\\Routing\\Router->dispatchToRoute(Object(Illuminate\\Http\\Request))
#55 /home/brandsta/selfieym.com/vendor/laravel/framework/src/Illuminate/Foundation/Http/Kernel.php(165): Illuminate\\Routing\\Router->dispatch(Object(Illuminate\\Http\\Request))
#56 /home/brandsta/selfieym.com/vendor/laravel/framework/src/Illuminate/Pipeline/Pipeline.php(128): Illuminate\\Foundation\\Http\\Kernel->Illuminate\\Foundation\\Http\\{closure}(Object(Illuminate\\Http\\Request))
#57 /home/brandsta/selfieym.com/vendor/fideloper/proxy/src/TrustProxies.php(57): Illuminate\\Pipeline\\Pipeline->Illuminate\\Pipeline\\{closure}(Object(Illuminate\\Http\\Request))
#58 /home/brandsta/selfieym.com/vendor/laravel/framework/src/Illuminate/Pipeline/Pipeline.php(167): Fideloper\\Proxy\\TrustProxies->handle(Object(Illuminate\\Http\\Request), Object(Closure))
#59 /home/brandsta/selfieym.com/vendor/laravel/framework/src/Illuminate/Foundation/Http/Middleware/TransformsRequest.php(21): Illuminate\\Pipeline\\Pipeline->Illuminate\\Pipeline\\{closure}(Object(Illuminate\\Http\\Request))
#60 /home/brandsta/selfieym.com/vendor/laravel/framework/src/Illuminate/Pipeline/Pipeline.php(167): Illuminate\\Foundation\\Http\\Middleware\\TransformsRequest->handle(Object(Illuminate\\Http\\Request), Object(Closure))
#61 /home/brandsta/selfieym.com/vendor/laravel/framework/src/Illuminate/Foundation/Http/Middleware/TransformsRequest.php(21): Illuminate\\Pipeline\\Pipeline->Illuminate\\Pipeline\\{closure}(Object(Illuminate\\Http\\Request))
#62 /home/brandsta/selfieym.com/vendor/laravel/framework/src/Illuminate/Pipeline/Pipeline.php(167): Illuminate\\Foundation\\Http\\Middleware\\TransformsRequest->handle(Object(Illuminate\\Http\\Request), Object(Closure))
#63 /home/brandsta/selfieym.com/vendor/laravel/framework/src/Illuminate/Foundation/Http/Middleware/ValidatePostSize.php(27): Illuminate\\Pipeline\\Pipeline->Illuminate\\Pipeline\\{closure}(Object(Illuminate\\Http\\Request))
#64 /home/brandsta/selfieym.com/vendor/laravel/framework/src/Illuminate/Pipeline/Pipeline.php(167): Illuminate\\Foundation\\Http\\Middleware\\ValidatePostSize->handle(Object(Illuminate\\Http\\Request), Object(Closure))
#65 /home/brandsta/selfieym.com/app/Http/Middleware/CheckForMaintenanceMode.php(69): Illuminate\\Pipeline\\Pipeline->Illuminate\\Pipeline\\{closure}(Object(Illuminate\\Http\\Request))
#66 /home/brandsta/selfieym.com/vendor/laravel/framework/src/Illuminate/Pipeline/Pipeline.php(167): App\\Http\\Middleware\\CheckForMaintenanceMode->handle(Object(Illuminate\\Http\\Request), Object(Closure))
#67 /home/brandsta/selfieym.com/vendor/laravel/framework/src/Illuminate/Pipeline/Pipeline.php(103): Illuminate\\Pipeline\\Pipeline->Illuminate\\Pipeline\\{closure}(Object(Illuminate\\Http\\Request))
#68 /home/brandsta/selfieym.com/vendor/laravel/framework/src/Illuminate/Foundation/Http/Kernel.php(140): Illuminate\\Pipeline\\Pipeline->then(Object(Closure))
#69 /home/brandsta/selfieym.com/vendor/laravel/framework/src/Illuminate/Foundation/Http/Kernel.php(109): Illuminate\\Foundation\\Http\\Kernel->sendRequestThroughRouter(Object(Illuminate\\Http\\Request))
#70 /home/brandsta/selfieym.com/public/main.php(59): Illuminate\\Foundation\\Http\\Kernel->handle(Object(Illuminate\\Http\\Request))
#71 /home/brandsta/selfieym.com/public/index.php(55): require('/home/brandsta/...')
#72 {main}
"} 
